<?xml version="1.0" encoding="UTF-8"?>
<!-- Generated by org.testng.reporters.JUnitReportReporter -->
<testsuite hostname="Nareshs-MacBook-Air.local" failures="0" tests="4" name="com.ebay.tests.CheckoutTest" time="29.981" errors="0" timestamp="11 Mar 2024 07:51:06 GMT" skipped="0">
  <testcase classname="com.ebay.tests.CheckoutTest" name="checkoutItems" time="7.372"/>
  <testcase classname="com.ebay.tests.CheckoutTest" name="checkoutItems" time="7.074"/>
  <testcase classname="com.ebay.tests.CheckoutTest" name="checkoutItems" time="7.263"/>
  <testcase classname="com.ebay.tests.CheckoutTest" name="checkoutItems" time="8.272"/>
</testsuite> <!-- com.ebay.tests.CheckoutTest -->
